\BOOKMARK [0][-]{chapter.1}{\376\377\0001\000\040\000F\000i\000l\000e\000\040\000I\000n\000d\000e\000x}{}% 1
\BOOKMARK [1][-]{section.1.1}{\376\377\0001\000.\0001\000\040\000F\000i\000l\000e\000\040\000L\000i\000s\000t}{chapter.1}% 2
\BOOKMARK [0][-]{chapter.2}{\376\377\0002\000\040\000F\000i\000l\000e\000\040\000D\000o\000c\000u\000m\000e\000n\000t\000a\000t\000i\000o\000n}{}% 3
\BOOKMARK [1][-]{section.2.1}{\376\377\0002\000.\0001\000\040\000d\000r\000a\000w\000.\000c\000p\000p\000\040\000F\000i\000l\000e\000\040\000R\000e\000f\000e\000r\000e\000n\000c\000e}{chapter.2}% 4
\BOOKMARK [2][-]{subsection.2.1.1}{\376\377\0002\000.\0001\000.\0001\000\040\000F\000u\000n\000c\000t\000i\000o\000n\000\040\000D\000o\000c\000u\000m\000e\000n\000t\000a\000t\000i\000o\000n}{section.2.1}% 5
\BOOKMARK [3][-]{subsubsection.2.1.1.1}{\376\377\0002\000.\0001\000.\0001\000.\0001\000\040\000d\000r\000a\000w\000\137\000v\000i\000e\000w\000s\000\050\000\051}{subsection.2.1.1}% 6
\BOOKMARK [3][-]{subsubsection.2.1.1.2}{\376\377\0002\000.\0001\000.\0001\000.\0002\000\040\000d\000r\000a\000w\000\137\000x\000y\000\050\000\051}{subsection.2.1.1}% 7
\BOOKMARK [3][-]{subsubsection.2.1.1.3}{\376\377\0002\000.\0001\000.\0001\000.\0003\000\040\000d\000r\000a\000w\000\137\000x\000z\000\050\000\051}{subsection.2.1.1}% 8
\BOOKMARK [3][-]{subsubsection.2.1.1.4}{\376\377\0002\000.\0001\000.\0001\000.\0004\000\040\000d\000r\000a\000w\000\137\000y\000z\000\050\000\051}{subsection.2.1.1}% 9
\BOOKMARK [3][-]{subsubsection.2.1.1.5}{\376\377\0002\000.\0001\000.\0001\000.\0005\000\040\000g\000e\000t\000\137\000a\000v\000e\000r\000a\000g\000e\000\050\000\051}{subsection.2.1.1}% 10
\BOOKMARK [3][-]{subsubsection.2.1.1.6}{\376\377\0002\000.\0001\000.\0001\000.\0006\000\040\000g\000e\000t\000\137\000m\000a\000x\000\137\000x\000\050\000\051}{subsection.2.1.1}% 11
\BOOKMARK [3][-]{subsubsection.2.1.1.7}{\376\377\0002\000.\0001\000.\0001\000.\0007\000\040\000g\000e\000t\000\137\000m\000a\000x\000\137\000y\000\050\000\051}{subsection.2.1.1}% 12
\BOOKMARK [3][-]{subsubsection.2.1.1.8}{\376\377\0002\000.\0001\000.\0001\000.\0008\000\040\000g\000e\000t\000\137\000m\000a\000x\000\137\000z\000\050\000\051}{subsection.2.1.1}% 13
\BOOKMARK [3][-]{subsubsection.2.1.1.9}{\376\377\0002\000.\0001\000.\0001\000.\0009\000\040\000g\000e\000t\000\137\000m\000i\000n\000\137\000x\000\050\000\051}{subsection.2.1.1}% 14
\BOOKMARK [3][-]{subsubsection.2.1.1.10}{\376\377\0002\000.\0001\000.\0001\000.\0001\0000\000\040\000g\000e\000t\000\137\000m\000i\000n\000\137\000y\000\050\000\051}{subsection.2.1.1}% 15
\BOOKMARK [3][-]{subsubsection.2.1.1.11}{\376\377\0002\000.\0001\000.\0001\000.\0001\0001\000\040\000g\000e\000t\000\137\000m\000i\000n\000\137\000z\000\050\000\051}{subsection.2.1.1}% 16
\BOOKMARK [3][-]{subsubsection.2.1.1.12}{\376\377\0002\000.\0001\000.\0001\000.\0001\0002\000\040\000g\000e\000t\000\137\000t\000h\000r\000e\000e\000\137\000v\000i\000e\000w\000s\000\050\000\051}{subsection.2.1.1}% 17
\BOOKMARK [3][-]{subsubsection.2.1.1.13}{\376\377\0002\000.\0001\000.\0001\000.\0001\0003\000\040\000p\000r\000i\000n\000t\000\137\000e\000d\000g\000e\000s\000\050\000\051}{subsection.2.1.1}% 18
\BOOKMARK [3][-]{subsubsection.2.1.1.14}{\376\377\0002\000.\0001\000.\0001\000.\0001\0004\000\040\000p\000r\000i\000n\000t\000\137\000n\000o\000d\000e\000s\000\050\000\051}{subsection.2.1.1}% 19
\BOOKMARK [1][-]{section.2.2}{\376\377\0002\000.\0002\000\040\000i\000n\000p\000u\000t\000.\000c\000p\000p\000\040\000F\000i\000l\000e\000\040\000R\000e\000f\000e\000r\000e\000n\000c\000e}{chapter.2}% 20
\BOOKMARK [2][-]{subsection.2.2.1}{\376\377\0002\000.\0002\000.\0001\000\040\000F\000u\000n\000c\000t\000i\000o\000n\000\040\000D\000o\000c\000u\000m\000e\000n\000t\000a\000t\000i\000o\000n}{section.2.2}% 21
\BOOKMARK [3][-]{subsubsection.2.2.1.1}{\376\377\0002\000.\0002\000.\0001\000.\0001\000\040\000g\000e\000t\000\137\0003\000D\000\137\000g\000r\000a\000p\000h\000\050\000\051}{subsection.2.2.1}% 22
\BOOKMARK [3][-]{subsubsection.2.2.1.2}{\376\377\0002\000.\0002\000.\0001\000.\0002\000\040\000g\000e\000t\000\137\000m\000x\0004\000\137\000m\000a\000t\000r\000i\000x\000\050\000\051}{subsection.2.2.1}% 23
\BOOKMARK [1][-]{section.2.3}{\376\377\0002\000.\0003\000\040\000m\000a\000i\000n\000.\000c\000p\000p\000\040\000F\000i\000l\000e\000\040\000R\000e\000f\000e\000r\000e\000n\000c\000e}{chapter.2}% 24
\BOOKMARK [2][-]{subsection.2.3.1}{\376\377\0002\000.\0003\000.\0001\000\040\000F\000u\000n\000c\000t\000i\000o\000n\000\040\000D\000o\000c\000u\000m\000e\000n\000t\000a\000t\000i\000o\000n}{section.2.3}% 25
\BOOKMARK [3][-]{subsubsection.2.3.1.1}{\376\377\0002\000.\0003\000.\0001\000.\0001\000\040\000m\000a\000i\000n\000\050\000\051}{subsection.2.3.1}% 26
\BOOKMARK [1][-]{section.2.4}{\376\377\0002\000.\0004\000\040\000m\000a\000i\000n\000w\000i\000n\000d\000o\000w\000.\000c\000p\000p\000\040\000F\000i\000l\000e\000\040\000R\000e\000f\000e\000r\000e\000n\000c\000e}{chapter.2}% 27
\BOOKMARK [2][-]{subsection.2.4.1}{\376\377\0002\000.\0004\000.\0001\000\040\000F\000u\000n\000c\000t\000i\000o\000n\000\040\000D\000o\000c\000u\000m\000e\000n\000t\000a\000t\000i\000o\000n}{section.2.4}% 28
\BOOKMARK [3][-]{subsubsection.2.4.1.1}{\376\377\0002\000.\0004\000.\0001\000.\0001\000\040\000a\000d\000d\000\137\000c\000o\000o\000r\000d\000\050\000\051}{subsection.2.4.1}% 29
\BOOKMARK [3][-]{subsubsection.2.4.1.2}{\376\377\0002\000.\0004\000.\0001\000.\0002\000\040\000t\000r\000a\000n\000s\000l\000a\000t\000e\000\137\000g\000r\000a\000p\000h\000\050\000\051}{subsection.2.4.1}% 30
\BOOKMARK [2][-]{subsection.2.4.2}{\376\377\0002\000.\0004\000.\0002\000\040\000V\000a\000r\000i\000a\000b\000l\000e\000\040\000D\000o\000c\000u\000m\000e\000n\000t\000a\000t\000i\000o\000n}{section.2.4}% 31
\BOOKMARK [3][-]{subsubsection.2.4.2.1}{\376\377\0002\000.\0004\000.\0002\000.\0001\000\040\000e\000d\000g\000e\000\137\000c\000o\000d\000e\000s\000\137\0001}{subsection.2.4.2}% 32
\BOOKMARK [3][-]{subsubsection.2.4.2.2}{\376\377\0002\000.\0004\000.\0002\000.\0002\000\040\000m\000o\000d\000e}{subsection.2.4.2}% 33
\BOOKMARK [3][-]{subsubsection.2.4.2.3}{\376\377\0002\000.\0004\000.\0002\000.\0003\000\040\000n\000o\000d\000e\000\137\0000}{subsection.2.4.2}% 34
\BOOKMARK [3][-]{subsubsection.2.4.2.4}{\376\377\0002\000.\0004\000.\0002\000.\0004\000\040\000n\000o\000d\000e\000\137\0001}{subsection.2.4.2}% 35
\BOOKMARK [1][-]{section.2.5}{\376\377\0002\000.\0005\000\040\000t\000h\000r\000e\000e\000D\000\137\000t\000o\000\137\000o\000r\000t\000h\000o\000.\000c\000p\000p\000\040\000F\000i\000l\000e\000\040\000R\000e\000f\000e\000r\000e\000n\000c\000e}{chapter.2}% 36
\BOOKMARK [2][-]{subsection.2.5.1}{\376\377\0002\000.\0005\000.\0001\000\040\000M\000a\000c\000r\000o\000\040\000D\000e\000f\000i\000n\000i\000t\000i\000o\000n\000\040\000D\000o\000c\000u\000m\000e\000n\000t\000a\000t\000i\000o\000n}{section.2.5}% 37
\BOOKMARK [3][-]{subsubsection.2.5.1.1}{\376\377\0002\000.\0005\000.\0001\000.\0001\000\040\000P\000I}{subsection.2.5.1}% 38
\BOOKMARK [2][-]{subsection.2.5.2}{\376\377\0002\000.\0005\000.\0002\000\040\000F\000u\000n\000c\000t\000i\000o\000n\000\040\000D\000o\000c\000u\000m\000e\000n\000t\000a\000t\000i\000o\000n}{section.2.5}% 39
\BOOKMARK [3][-]{subsubsection.2.5.2.1}{\376\377\0002\000.\0005\000.\0002\000.\0001\000\040\000f\000i\000n\000d\000\137\000o\000r\000t\000h\000o\000\050\000\051}{subsection.2.5.2}% 40
\BOOKMARK [3][-]{subsubsection.2.5.2.2}{\376\377\0002\000.\0005\000.\0002\000.\0002\000\040\000f\000i\000n\000d\000\137\000p\000r\000o\000j\000e\000c\000t\000i\000o\000n\000\050\000\051}{subsection.2.5.2}% 41
\BOOKMARK [3][-]{subsubsection.2.5.2.3}{\376\377\0002\000.\0005\000.\0002\000.\0003\000\040\000f\000i\000n\000d\000\137\000r\000o\000t\000\050\000\051}{subsection.2.5.2}% 42
\BOOKMARK [3][-]{subsubsection.2.5.2.4}{\376\377\0002\000.\0005\000.\0002\000.\0004\000\040\000g\000e\000t\000\137\000d\000i\000r\000\137\000r\000a\000t\000i\000o\000s\000\050\000\051}{subsection.2.5.2}% 43
\BOOKMARK [3][-]{subsubsection.2.5.2.5}{\376\377\0002\000.\0005\000.\0002\000.\0005\000\040\000g\000r\000a\000p\000h\000\137\000t\000o\000\137\000m\000a\000t\000\050\000\051}{subsection.2.5.2}% 44
\BOOKMARK [3][-]{subsubsection.2.5.2.6}{\376\377\0002\000.\0005\000.\0002\000.\0006\000\040\000m\000a\000t\000\137\000t\000o\000\137\000g\000r\000a\000p\000h\000\050\000\051}{subsection.2.5.2}% 45
\BOOKMARK [3][-]{subsubsection.2.5.2.7}{\376\377\0002\000.\0005\000.\0002\000.\0007\000\040\000r\000o\000t\000\137\000a\000b\000o\000u\000t\000\137\000c\000o\000o\000r\000d\000\137\000a\000x\000i\000s\000\050\000\051}{subsection.2.5.2}% 46
\BOOKMARK [3][-]{subsubsection.2.5.2.8}{\376\377\0002\000.\0005\000.\0002\000.\0008\000\040\000r\000o\000t\000a\000t\000e\000\137\000g\000r\000a\000p\000h\000\050\000\051}{subsection.2.5.2}% 47
\BOOKMARK [3][-]{subsubsection.2.5.2.9}{\376\377\0002\000.\0005\000.\0002\000.\0009\000\040\000t\000r\000a\000n\000s\000l\000a\000t\000e\000\137\000g\000r\000a\000p\000h\000\050\000\051}{subsection.2.5.2}% 48
\BOOKMARK [1][-]{section.2.6}{\376\377\0002\000.\0006\000\040\000t\000w\000o\000D\000\137\000t\000o\0003\000D\000.\000c\000p\000p\000\040\000F\000i\000l\000e\000\040\000R\000e\000f\000e\000r\000e\000n\000c\000e}{chapter.2}% 49
\BOOKMARK [2][-]{subsection.2.6.1}{\376\377\0002\000.\0006\000.\0001\000\040\000F\000u\000n\000c\000t\000i\000o\000n\000\040\000D\000o\000c\000u\000m\000e\000n\000t\000a\000t\000i\000o\000n}{section.2.6}% 50
\BOOKMARK [3][-]{subsubsection.2.6.1.1}{\376\377\0002\000.\0006\000.\0001\000.\0001\000\040\000c\000h\000e\000c\000k\000\137\000g\000r\000a\000p\000h\000\050\000\051}{subsection.2.6.1}% 51
\BOOKMARK [3][-]{subsubsection.2.6.1.2}{\376\377\0002\000.\0006\000.\0001\000.\0002\000\040\000g\000e\000t\000\137\0002\000D\000\137\000g\000r\000a\000p\000h\000\050\000\051}{subsection.2.6.1}% 52
\BOOKMARK [3][-]{subsubsection.2.6.1.3}{\376\377\0002\000.\0006\000.\0001\000.\0003\000\040\000g\000e\000t\000\137\000p\000a\000i\000r\000\137\0002\000D\000\050\000\051}{subsection.2.6.1}% 53
\BOOKMARK [0][-]{section*.20}{\376\377\000I\000n\000d\000e\000x}{}% 54
